2026-05-20 12:03:43.013 [main] INFO  com.booker.utils.RestAssuredSetup - RestAssured initialized with base URI: https://restful-booker.herokuapp.com
2026-05-20 12:03:43.039 [main] INFO  com.booker.stepdefs.Hooks - === Starting Scenario: Generate auth token with valid credentials [PASSED] ===
2026-05-20 12:03:43.048 [main] INFO  com.booker.stepdefs.CommonSteps - Base URL configured: https://restful-booker.herokuapp.com
2026-05-20 12:03:46.563 [main] INFO  com.booker.stepdefs.AuthSteps - Auth response: {"token":"be69ca6f876b6bc"}
2026-05-20 12:03:46.567 [main] INFO  com.booker.stepdefs.AuthSteps - Expected status: 200, Actual status: 200
2026-05-20 12:03:47.137 [main] INFO  com.booker.stepdefs.AuthSteps - Valid token received
2026-05-20 12:03:47.138 [main] INFO  com.booker.stepdefs.Hooks - === PASSED Scenario: Generate auth token with valid credentials ===
2026-05-20 12:03:47.153 [main] INFO  com.booker.stepdefs.Hooks - === Starting Scenario: Generate auth token with invalid credentials [PASSED] ===
2026-05-20 12:03:47.154 [main] INFO  com.booker.stepdefs.CommonSteps - Base URL configured: https://restful-booker.herokuapp.com
2026-05-20 12:03:48.642 [main] INFO  com.booker.stepdefs.AuthSteps - Expected status: 200, Actual status: 200
2026-05-20 12:03:48.644 [main] INFO  com.booker.stepdefs.Hooks - === PASSED Scenario: Generate auth token with invalid credentials ===
2026-05-20 12:03:48.670 [main] INFO  com.booker.stepdefs.Hooks - === Starting Scenario: Auth fails for missing fields [PASSED] ===
2026-05-20 12:03:48.671 [main] INFO  com.booker.stepdefs.CommonSteps - Base URL configured: https://restful-booker.herokuapp.com
2026-05-20 12:03:50.124 [main] INFO  com.booker.stepdefs.AuthSteps - Expected status: 200, Actual status: 200
2026-05-20 12:03:50.126 [main] INFO  com.booker.stepdefs.Hooks - === PASSED Scenario: Auth fails for missing fields ===
2026-05-20 12:03:50.135 [main] INFO  com.booker.stepdefs.Hooks - === Starting Scenario: Auth fails for missing fields [PASSED] ===
2026-05-20 12:03:50.136 [main] INFO  com.booker.stepdefs.CommonSteps - Base URL configured: https://restful-booker.herokuapp.com
2026-05-20 12:03:51.562 [main] INFO  com.booker.stepdefs.AuthSteps - Expected status: 200, Actual status: 200
2026-05-20 12:03:51.566 [main] INFO  com.booker.stepdefs.Hooks - === PASSED Scenario: Auth fails for missing fields ===
2026-05-20 12:03:51.606 [main] INFO  com.booker.stepdefs.Hooks - === Starting Scenario: Get all booking IDs [PASSED] ===
2026-05-20 12:03:51.607 [main] INFO  com.booker.stepdefs.CommonSteps - Base URL configured: https://restful-booker.herokuapp.com
2026-05-20 12:03:53.152 [main] INFO  com.booker.stepdefs.CommonSteps - Authenticated. Token acquired: fa92a****
2026-05-20 12:03:54.667 [main] INFO  com.booker.stepdefs.AuthSteps - Expected status: 200, Actual status: 200
2026-05-20 12:03:54.722 [main] INFO  com.booker.stepdefs.BookingSteps - Retrieved 1013 booking(s)
2026-05-20 12:03:54.723 [main] INFO  com.booker.stepdefs.Hooks - === PASSED Scenario: Get all booking IDs ===
2026-05-20 12:03:54.735 [main] INFO  com.booker.stepdefs.Hooks - === Starting Scenario: Get bookings filtered by first name [PASSED] ===
2026-05-20 12:03:54.736 [main] INFO  com.booker.stepdefs.CommonSteps - Base URL configured: https://restful-booker.herokuapp.com
2026-05-20 12:03:56.265 [main] INFO  com.booker.stepdefs.CommonSteps - Authenticated. Token acquired: a51bb****
2026-05-20 12:03:57.712 [main] INFO  com.booker.stepdefs.AuthSteps - Expected status: 200, Actual status: 200
2026-05-20 12:03:57.715 [main] INFO  com.booker.stepdefs.BookingSteps - Retrieved 12 booking(s)
2026-05-20 12:03:57.726 [main] INFO  com.booker.stepdefs.Hooks - === PASSED Scenario: Get bookings filtered by first name ===
2026-05-20 12:03:57.734 [main] INFO  com.booker.stepdefs.Hooks - === Starting Scenario: Get bookings filtered by check-in date [PASSED] ===
2026-05-20 12:03:57.734 [main] INFO  com.booker.stepdefs.CommonSteps - Base URL configured: https://restful-booker.herokuapp.com
2026-05-20 12:03:59.139 [main] INFO  com.booker.stepdefs.CommonSteps - Authenticated. Token acquired: 2cc26****
2026-05-20 12:04:00.583 [main] INFO  com.booker.stepdefs.AuthSteps - Expected status: 200, Actual status: 200
2026-05-20 12:04:00.584 [main] INFO  com.booker.stepdefs.BookingSteps - Retrieved 16 booking(s)
2026-05-20 12:04:00.585 [main] INFO  com.booker.stepdefs.Hooks - === PASSED Scenario: Get bookings filtered by check-in date ===
2026-05-20 12:04:00.593 [main] INFO  com.booker.stepdefs.Hooks - === Starting Scenario: Get a specific booking by ID [PASSED] ===
2026-05-20 12:04:00.593 [main] INFO  com.booker.stepdefs.CommonSteps - Base URL configured: https://restful-booker.herokuapp.com
2026-05-20 12:04:02.073 [main] INFO  com.booker.stepdefs.CommonSteps - Authenticated. Token acquired: df36d****
2026-05-20 12:04:03.529 [main] ERROR com.booker.stepdefs.Hooks - === FAILED Scenario: Get a specific booking by ID ===
2026-05-20 12:04:03.543 [main] INFO  com.booker.stepdefs.Hooks - === Starting Scenario: Get booking with non-existent ID [PASSED] ===
2026-05-20 12:04:03.544 [main] INFO  com.booker.stepdefs.CommonSteps - Base URL configured: https://restful-booker.herokuapp.com
2026-05-20 12:04:05.071 [main] INFO  com.booker.stepdefs.CommonSteps - Authenticated. Token acquired: a6501****
2026-05-20 12:04:05.085 [main] ERROR com.booker.stepdefs.Hooks - === FAILED Scenario: Get booking with non-existent ID ===
2026-05-20 12:04:05.096 [main] INFO  com.booker.stepdefs.Hooks - === Starting Scenario: Create a new booking with all fields [PASSED] ===
2026-05-20 12:04:05.097 [main] INFO  com.booker.stepdefs.CommonSteps - Base URL configured: https://restful-booker.herokuapp.com
2026-05-20 12:04:06.557 [main] INFO  com.booker.stepdefs.CommonSteps - Authenticated. Token acquired: 790cc****
2026-05-20 12:04:07.984 [main] INFO  com.booker.stepdefs.AuthSteps - Expected status: 200, Actual status: 418
2026-05-20 12:04:07.987 [main] ERROR com.booker.stepdefs.Hooks - === FAILED Scenario: Create a new booking with all fields ===
2026-05-20 12:04:07.992 [main] INFO  com.booker.stepdefs.Hooks - === Starting Scenario: Create a booking without additional needs [PASSED] ===
2026-05-20 12:04:07.993 [main] INFO  com.booker.stepdefs.CommonSteps - Base URL configured: https://restful-booker.herokuapp.com
2026-05-20 12:04:09.460 [main] INFO  com.booker.stepdefs.CommonSteps - Authenticated. Token acquired: b8bce****
2026-05-20 12:04:10.938 [main] INFO  com.booker.stepdefs.AuthSteps - Expected status: 200, Actual status: 418
2026-05-20 12:04:10.942 [main] ERROR com.booker.stepdefs.Hooks - === FAILED Scenario: Create a booking without additional needs ===
2026-05-20 12:04:10.949 [main] INFO  com.booker.stepdefs.Hooks - === Starting Scenario: Create booking with missing required fields [PASSED] ===
2026-05-20 12:04:10.950 [main] INFO  com.booker.stepdefs.CommonSteps - Base URL configured: https://restful-booker.herokuapp.com
2026-05-20 12:04:12.413 [main] INFO  com.booker.stepdefs.CommonSteps - Authenticated. Token acquired: 14ea0****
2026-05-20 12:04:14.004 [main] INFO  com.booker.stepdefs.AuthSteps - Expected status: 500, Actual status: 500
2026-05-20 12:04:14.005 [main] INFO  com.booker.stepdefs.Hooks - === PASSED Scenario: Create booking with missing required fields ===
2026-05-20 12:04:14.012 [main] INFO  com.booker.stepdefs.Hooks - === Starting Scenario: Update an existing booking fully [PASSED] ===
2026-05-20 12:04:14.013 [main] INFO  com.booker.stepdefs.CommonSteps - Base URL configured: https://restful-booker.herokuapp.com
2026-05-20 12:04:15.481 [main] INFO  com.booker.stepdefs.CommonSteps - Authenticated. Token acquired: c89f4****
2026-05-20 12:04:17.110 [main] ERROR com.booker.stepdefs.Hooks - === FAILED Scenario: Update an existing booking fully ===
2026-05-20 12:04:17.114 [main] INFO  com.booker.stepdefs.Hooks - === Starting Scenario: Update booking without auth token [PASSED] ===
2026-05-20 12:04:17.115 [main] INFO  com.booker.stepdefs.CommonSteps - Base URL configured: https://restful-booker.herokuapp.com
2026-05-20 12:04:18.633 [main] INFO  com.booker.stepdefs.CommonSteps - Authenticated. Token acquired: b07db****
2026-05-20 12:04:20.068 [main] ERROR com.booker.stepdefs.Hooks - === FAILED Scenario: Update booking without auth token ===
2026-05-20 12:04:20.078 [main] INFO  com.booker.stepdefs.Hooks - === Starting Scenario: Partially update a booking's first name [PASSED] ===
2026-05-20 12:04:20.079 [main] INFO  com.booker.stepdefs.CommonSteps - Base URL configured: https://restful-booker.herokuapp.com
2026-05-20 12:04:21.537 [main] INFO  com.booker.stepdefs.CommonSteps - Authenticated. Token acquired: e96c6****
2026-05-20 12:04:22.985 [main] ERROR com.booker.stepdefs.Hooks - === FAILED Scenario: Partially update a booking's first name ===
2026-05-20 12:04:22.990 [main] INFO  com.booker.stepdefs.Hooks - === Starting Scenario: Partial update without auth token [PASSED] ===
2026-05-20 12:04:22.990 [main] INFO  com.booker.stepdefs.CommonSteps - Base URL configured: https://restful-booker.herokuapp.com
2026-05-20 12:04:24.462 [main] INFO  com.booker.stepdefs.CommonSteps - Authenticated. Token acquired: 32d0f****
2026-05-20 12:04:25.945 [main] ERROR com.booker.stepdefs.Hooks - === FAILED Scenario: Partial update without auth token ===
2026-05-20 12:04:25.955 [main] INFO  com.booker.stepdefs.Hooks - === Starting Scenario: Delete an existing booking [PASSED] ===
2026-05-20 12:04:25.956 [main] INFO  com.booker.stepdefs.CommonSteps - Base URL configured: https://restful-booker.herokuapp.com
2026-05-20 12:04:27.420 [main] INFO  com.booker.stepdefs.CommonSteps - Authenticated. Token acquired: d04d0****
2026-05-20 12:04:28.805 [main] ERROR com.booker.stepdefs.Hooks - === FAILED Scenario: Delete an existing booking ===
2026-05-20 12:04:28.812 [main] INFO  com.booker.stepdefs.Hooks - === Starting Scenario: Delete a booking without auth token [PASSED] ===
2026-05-20 12:04:28.813 [main] INFO  com.booker.stepdefs.CommonSteps - Base URL configured: https://restful-booker.herokuapp.com
2026-05-20 12:04:30.226 [main] INFO  com.booker.stepdefs.CommonSteps - Authenticated. Token acquired: 4ec49****
2026-05-20 12:04:31.648 [main] ERROR com.booker.stepdefs.Hooks - === FAILED Scenario: Delete a booking without auth token ===
2026-05-20 12:04:31.652 [main] INFO  com.booker.stepdefs.Hooks - === Starting Scenario: Delete non-existent booking [PASSED] ===
2026-05-20 12:04:31.653 [main] INFO  com.booker.stepdefs.CommonSteps - Base URL configured: https://restful-booker.herokuapp.com
2026-05-20 12:04:33.102 [main] INFO  com.booker.stepdefs.CommonSteps - Authenticated. Token acquired: 53a07****
2026-05-20 12:04:34.552 [main] INFO  com.booker.stepdefs.AuthSteps - Expected status: 405, Actual status: 405
2026-05-20 12:04:34.554 [main] INFO  com.booker.stepdefs.Hooks - === PASSED Scenario: Delete non-existent booking ===
2026-05-20 12:10:47.984 [main] INFO  com.booker.utils.RestAssuredSetup - RestAssured initialized with base URI: https://restful-booker.herokuapp.com
2026-05-20 12:10:48.010 [main] INFO  com.booker.stepdefs.Hooks - === Starting Scenario: Generate auth token with valid credentials [PASSED] ===
2026-05-20 12:10:48.016 [main] INFO  com.booker.stepdefs.CommonSteps - Base URL configured: https://restful-booker.herokuapp.com
2026-05-20 12:10:51.577 [main] INFO  com.booker.stepdefs.AuthSteps - Auth response: {"token":"447713cd573a431"}
2026-05-20 12:10:51.581 [main] INFO  com.booker.stepdefs.AuthSteps - Expected status: 200, Actual status: 200
2026-05-20 12:10:52.098 [main] INFO  com.booker.stepdefs.AuthSteps - Valid token received
2026-05-20 12:10:52.100 [main] INFO  com.booker.stepdefs.Hooks - === PASSED Scenario: Generate auth token with valid credentials ===
2026-05-20 12:10:52.119 [main] INFO  com.booker.stepdefs.Hooks - === Starting Scenario: Generate auth token with invalid credentials [PASSED] ===
2026-05-20 12:10:52.121 [main] INFO  com.booker.stepdefs.CommonSteps - Base URL configured: https://restful-booker.herokuapp.com
2026-05-20 12:10:53.642 [main] INFO  com.booker.stepdefs.AuthSteps - Expected status: 200, Actual status: 200
2026-05-20 12:10:53.646 [main] INFO  com.booker.stepdefs.Hooks - === PASSED Scenario: Generate auth token with invalid credentials ===
2026-05-20 12:10:53.661 [main] INFO  com.booker.stepdefs.Hooks - === Starting Scenario: Auth fails for missing fields [PASSED] ===
2026-05-20 12:10:53.662 [main] INFO  com.booker.stepdefs.CommonSteps - Base URL configured: https://restful-booker.herokuapp.com
2026-05-20 12:10:55.090 [main] INFO  com.booker.stepdefs.AuthSteps - Expected status: 200, Actual status: 200
2026-05-20 12:10:55.093 [main] INFO  com.booker.stepdefs.Hooks - === PASSED Scenario: Auth fails for missing fields ===
2026-05-20 12:10:55.102 [main] INFO  com.booker.stepdefs.Hooks - === Starting Scenario: Auth fails for missing fields [PASSED] ===
2026-05-20 12:10:55.103 [main] INFO  com.booker.stepdefs.CommonSteps - Base URL configured: https://restful-booker.herokuapp.com
2026-05-20 12:10:56.606 [main] INFO  com.booker.stepdefs.AuthSteps - Expected status: 200, Actual status: 200
2026-05-20 12:10:56.609 [main] INFO  com.booker.stepdefs.Hooks - === PASSED Scenario: Auth fails for missing fields ===
2026-05-20 15:21:22.978 [main] INFO  com.booker.utils.RestAssuredSetup - RestAssured initialized with base URI: https://restful-booker.herokuapp.com
2026-05-20 15:21:22.998 [main] INFO  com.booker.stepdefs.Hooks - === Starting Scenario: Generate auth token with valid credentials [PASSED] ===
2026-05-20 15:21:23.007 [main] INFO  com.booker.stepdefs.CommonSteps - Base URL configured: https://restful-booker.herokuapp.com
2026-05-20 15:21:26.728 [main] INFO  com.booker.stepdefs.AuthSteps - Auth response: {"token":"3635b80946bd092"}
2026-05-20 15:21:26.731 [main] INFO  com.booker.stepdefs.AuthSteps - Expected status: 200, Actual status: 200
2026-05-20 15:21:27.494 [main] INFO  com.booker.stepdefs.AuthSteps - Valid token received
2026-05-20 15:21:27.496 [main] INFO  com.booker.stepdefs.Hooks - === PASSED Scenario: Generate auth token with valid credentials ===
2026-05-20 15:21:27.512 [main] INFO  com.booker.stepdefs.Hooks - === Starting Scenario: Generate auth token with invalid credentials [PASSED] ===
2026-05-20 15:21:27.514 [main] INFO  com.booker.stepdefs.CommonSteps - Base URL configured: https://restful-booker.herokuapp.com
2026-05-20 15:21:29.032 [main] INFO  com.booker.stepdefs.AuthSteps - Expected status: 200, Actual status: 200
2026-05-20 15:21:29.039 [main] INFO  com.booker.stepdefs.Hooks - === PASSED Scenario: Generate auth token with invalid credentials ===
2026-05-20 15:21:29.068 [main] INFO  com.booker.stepdefs.Hooks - === Starting Scenario: Auth fails for missing fields [PASSED] ===
2026-05-20 15:21:29.071 [main] INFO  com.booker.stepdefs.CommonSteps - Base URL configured: https://restful-booker.herokuapp.com
2026-05-20 15:21:30.566 [main] INFO  com.booker.stepdefs.AuthSteps - Expected status: 200, Actual status: 200
2026-05-20 15:21:30.568 [main] INFO  com.booker.stepdefs.Hooks - === PASSED Scenario: Auth fails for missing fields ===
2026-05-20 15:21:30.577 [main] INFO  com.booker.stepdefs.Hooks - === Starting Scenario: Auth fails for missing fields [PASSED] ===
2026-05-20 15:21:30.578 [main] INFO  com.booker.stepdefs.CommonSteps - Base URL configured: https://restful-booker.herokuapp.com
2026-05-20 15:21:32.054 [main] INFO  com.booker.stepdefs.AuthSteps - Expected status: 200, Actual status: 200
2026-05-20 15:21:32.057 [main] INFO  com.booker.stepdefs.Hooks - === PASSED Scenario: Auth fails for missing fields ===
2026-05-20 15:23:16.601 [main] INFO  com.booker.utils.RestAssuredSetup - RestAssured initialized with base URI: https://restful-booker.herokuapp.com
2026-05-20 15:23:16.611 [main] INFO  com.booker.stepdefs.Hooks - === Starting Scenario: Get all booking IDs [PASSED] ===
2026-05-20 15:23:16.616 [main] INFO  com.booker.stepdefs.CommonSteps - Base URL configured: https://restful-booker.herokuapp.com
2026-05-20 15:23:20.589 [main] INFO  com.booker.stepdefs.CommonSteps - Authenticated. Token acquired: 05187****
2026-05-20 15:23:22.208 [main] INFO  com.booker.stepdefs.AuthSteps - Expected status: 200, Actual status: 200
2026-05-20 15:23:22.266 [main] INFO  com.booker.stepdefs.BookingSteps - Retrieved 867 booking(s)
2026-05-20 15:23:22.267 [main] INFO  com.booker.stepdefs.Hooks - === PASSED Scenario: Get all booking IDs ===
2026-05-20 15:23:22.281 [main] INFO  com.booker.stepdefs.Hooks - === Starting Scenario: Get bookings filtered by first name [PASSED] ===
2026-05-20 15:23:22.283 [main] INFO  com.booker.stepdefs.CommonSteps - Base URL configured: https://restful-booker.herokuapp.com
2026-05-20 15:23:23.903 [main] INFO  com.booker.stepdefs.CommonSteps - Authenticated. Token acquired: 9dd2c****
2026-05-20 15:23:25.526 [main] INFO  com.booker.stepdefs.AuthSteps - Expected status: 200, Actual status: 200
2026-05-20 15:23:25.531 [main] INFO  com.booker.stepdefs.BookingSteps - Retrieved 5 booking(s)
2026-05-20 15:23:25.533 [main] INFO  com.booker.stepdefs.Hooks - === PASSED Scenario: Get bookings filtered by first name ===
2026-05-20 15:23:25.558 [main] INFO  com.booker.stepdefs.Hooks - === Starting Scenario: Get bookings filtered by check-in date [PASSED] ===
2026-05-20 15:23:25.559 [main] INFO  com.booker.stepdefs.CommonSteps - Base URL configured: https://restful-booker.herokuapp.com
2026-05-20 15:23:27.413 [main] INFO  com.booker.stepdefs.CommonSteps - Authenticated. Token acquired: 6d067****
2026-05-20 15:23:28.996 [main] INFO  com.booker.stepdefs.AuthSteps - Expected status: 200, Actual status: 200
2026-05-20 15:23:29.003 [main] INFO  com.booker.stepdefs.BookingSteps - Retrieved 45 booking(s)
2026-05-20 15:23:29.005 [main] INFO  com.booker.stepdefs.Hooks - === PASSED Scenario: Get bookings filtered by check-in date ===
2026-05-20 15:23:29.021 [main] INFO  com.booker.stepdefs.Hooks - === Starting Scenario: Get a specific booking by ID [PASSED] ===
2026-05-20 15:23:29.022 [main] INFO  com.booker.stepdefs.CommonSteps - Base URL configured: https://restful-booker.herokuapp.com
2026-05-20 15:23:30.676 [main] INFO  com.booker.stepdefs.CommonSteps - Authenticated. Token acquired: 0bbce****
2026-05-20 15:23:32.454 [main] ERROR com.booker.stepdefs.Hooks - === FAILED Scenario: Get a specific booking by ID ===
2026-05-20 15:23:32.469 [main] INFO  com.booker.stepdefs.Hooks - === Starting Scenario: Get booking with non-existent ID [PASSED] ===
2026-05-20 15:23:32.469 [main] INFO  com.booker.stepdefs.CommonSteps - Base URL configured: https://restful-booker.herokuapp.com
2026-05-20 15:23:34.067 [main] INFO  com.booker.stepdefs.CommonSteps - Authenticated. Token acquired: c7f11****
2026-05-20 15:23:34.081 [main] ERROR com.booker.stepdefs.Hooks - === FAILED Scenario: Get booking with non-existent ID ===
2026-05-20 15:23:34.094 [main] INFO  com.booker.stepdefs.Hooks - === Starting Scenario: Create a new booking with all fields [PASSED] ===
2026-05-20 15:23:34.095 [main] INFO  com.booker.stepdefs.CommonSteps - Base URL configured: https://restful-booker.herokuapp.com
2026-05-20 15:23:35.687 [main] INFO  com.booker.stepdefs.CommonSteps - Authenticated. Token acquired: 2ab46****
2026-05-20 15:23:37.301 [main] INFO  com.booker.stepdefs.AuthSteps - Expected status: 200, Actual status: 418
2026-05-20 15:23:37.307 [main] ERROR com.booker.stepdefs.Hooks - === FAILED Scenario: Create a new booking with all fields ===
2026-05-20 15:23:37.314 [main] INFO  com.booker.stepdefs.Hooks - === Starting Scenario: Create a booking without additional needs [PASSED] ===
2026-05-20 15:23:37.316 [main] INFO  com.booker.stepdefs.CommonSteps - Base URL configured: https://restful-booker.herokuapp.com
2026-05-20 15:23:38.962 [main] INFO  com.booker.stepdefs.CommonSteps - Authenticated. Token acquired: bbeda****
2026-05-20 15:23:40.561 [main] INFO  com.booker.stepdefs.AuthSteps - Expected status: 200, Actual status: 418
2026-05-20 15:23:40.566 [main] ERROR com.booker.stepdefs.Hooks - === FAILED Scenario: Create a booking without additional needs ===
2026-05-20 15:23:40.575 [main] INFO  com.booker.stepdefs.Hooks - === Starting Scenario: Create booking with missing required fields [PASSED] ===
2026-05-20 15:23:40.578 [main] INFO  com.booker.stepdefs.CommonSteps - Base URL configured: https://restful-booker.herokuapp.com
2026-05-20 15:23:42.163 [main] INFO  com.booker.stepdefs.CommonSteps - Authenticated. Token acquired: 7edc4****
2026-05-20 15:23:43.875 [main] INFO  com.booker.stepdefs.AuthSteps - Expected status: 500, Actual status: 500
2026-05-20 15:23:43.876 [main] INFO  com.booker.stepdefs.Hooks - === PASSED Scenario: Create booking with missing required fields ===
2026-05-20 15:23:43.890 [main] INFO  com.booker.stepdefs.Hooks - === Starting Scenario: Update an existing booking fully [PASSED] ===
2026-05-20 15:23:43.891 [main] INFO  com.booker.stepdefs.CommonSteps - Base URL configured: https://restful-booker.herokuapp.com
2026-05-20 15:23:45.520 [main] INFO  com.booker.stepdefs.CommonSteps - Authenticated. Token acquired: 3d782****
2026-05-20 15:23:46.939 [main] ERROR com.booker.stepdefs.Hooks - === FAILED Scenario: Update an existing booking fully ===
2026-05-20 15:23:46.955 [main] INFO  com.booker.stepdefs.Hooks - === Starting Scenario: Update booking without auth token [PASSED] ===
2026-05-20 15:23:46.957 [main] INFO  com.booker.stepdefs.CommonSteps - Base URL configured: https://restful-booker.herokuapp.com
2026-05-20 15:23:48.487 [main] INFO  com.booker.stepdefs.CommonSteps - Authenticated. Token acquired: 6537a****
2026-05-20 15:23:50.227 [main] ERROR com.booker.stepdefs.Hooks - === FAILED Scenario: Update booking without auth token ===
2026-05-20 15:23:50.245 [main] INFO  com.booker.stepdefs.Hooks - === Starting Scenario: Partially update a booking's first name [PASSED] ===
2026-05-20 15:23:50.247 [main] INFO  com.booker.stepdefs.CommonSteps - Base URL configured: https://restful-booker.herokuapp.com
2026-05-20 15:23:51.882 [main] INFO  com.booker.stepdefs.CommonSteps - Authenticated. Token acquired: 53009****
2026-05-20 15:23:53.493 [main] ERROR com.booker.stepdefs.Hooks - === FAILED Scenario: Partially update a booking's first name ===
2026-05-20 15:23:53.506 [main] INFO  com.booker.stepdefs.Hooks - === Starting Scenario: Partial update without auth token [PASSED] ===
2026-05-20 15:23:53.507 [main] INFO  com.booker.stepdefs.CommonSteps - Base URL configured: https://restful-booker.herokuapp.com
2026-05-20 15:23:55.154 [main] INFO  com.booker.stepdefs.CommonSteps - Authenticated. Token acquired: 50ba7****
2026-05-20 15:23:56.966 [main] ERROR com.booker.stepdefs.Hooks - === FAILED Scenario: Partial update without auth token ===
2026-05-20 15:23:56.980 [main] INFO  com.booker.stepdefs.Hooks - === Starting Scenario: Delete an existing booking [PASSED] ===
2026-05-20 15:23:56.982 [main] INFO  com.booker.stepdefs.CommonSteps - Base URL configured: https://restful-booker.herokuapp.com
2026-05-20 15:23:58.635 [main] INFO  com.booker.stepdefs.CommonSteps - Authenticated. Token acquired: 4e55e****
2026-05-20 15:24:00.170 [main] ERROR com.booker.stepdefs.Hooks - === FAILED Scenario: Delete an existing booking ===
2026-05-20 15:24:00.184 [main] INFO  com.booker.stepdefs.Hooks - === Starting Scenario: Delete a booking without auth token [PASSED] ===
2026-05-20 15:24:00.187 [main] INFO  com.booker.stepdefs.CommonSteps - Base URL configured: https://restful-booker.herokuapp.com
2026-05-20 15:24:01.729 [main] INFO  com.booker.stepdefs.CommonSteps - Authenticated. Token acquired: 3084d****
2026-05-20 15:24:03.282 [main] ERROR com.booker.stepdefs.Hooks - === FAILED Scenario: Delete a booking without auth token ===
2026-05-20 15:24:03.293 [main] INFO  com.booker.stepdefs.Hooks - === Starting Scenario: Delete non-existent booking [PASSED] ===
2026-05-20 15:24:03.295 [main] INFO  com.booker.stepdefs.CommonSteps - Base URL configured: https://restful-booker.herokuapp.com
2026-05-20 15:24:04.865 [main] INFO  com.booker.stepdefs.CommonSteps - Authenticated. Token acquired: b7b8f****
2026-05-20 15:24:06.409 [main] INFO  com.booker.stepdefs.AuthSteps - Expected status: 405, Actual status: 405
2026-05-20 15:24:06.410 [main] INFO  com.booker.stepdefs.Hooks - === PASSED Scenario: Delete non-existent booking ===
2026-05-20 15:41:02.269 [main] INFO  com.booker.utils.RestAssuredSetup - RestAssured initialized with base URI: https://restful-booker.herokuapp.com
2026-05-20 15:41:02.297 [main] INFO  com.booker.stepdefs.Hooks - === Starting Scenario: Generate auth token with valid credentials [PASSED] ===
2026-05-20 15:41:02.310 [main] INFO  com.booker.stepdefs.CommonSteps - Base URL configured: https://restful-booker.herokuapp.com
2026-05-20 15:41:06.493 [main] INFO  com.booker.stepdefs.AuthSteps - Auth response: {"token":"4b347582160f33e"}
2026-05-20 15:41:06.498 [main] INFO  com.booker.stepdefs.AuthSteps - Expected status: 200, Actual status: 200
2026-05-20 15:41:07.255 [main] INFO  com.booker.stepdefs.AuthSteps - Valid token received
2026-05-20 15:41:07.256 [main] INFO  com.booker.stepdefs.Hooks - === PASSED Scenario: Generate auth token with valid credentials ===
2026-05-20 15:41:07.318 [main] INFO  com.booker.stepdefs.Hooks - === Starting Scenario: Get all booking IDs [PASSED] ===
2026-05-20 15:41:07.319 [main] INFO  com.booker.stepdefs.CommonSteps - Base URL configured: https://restful-booker.herokuapp.com
2026-05-20 15:41:08.927 [main] INFO  com.booker.stepdefs.CommonSteps - Authenticated. Token acquired: 1bde9****
2026-05-20 15:41:10.476 [main] INFO  com.booker.stepdefs.AuthSteps - Expected status: 200, Actual status: 200
2026-05-20 15:41:10.538 [main] INFO  com.booker.stepdefs.BookingSteps - Retrieved 158 booking(s)
2026-05-20 15:41:10.540 [main] INFO  com.booker.stepdefs.Hooks - === PASSED Scenario: Get all booking IDs ===
2026-05-20 15:41:10.567 [main] INFO  com.booker.stepdefs.Hooks - === Starting Scenario: Get a specific booking by ID [PASSED] ===
2026-05-20 15:41:10.568 [main] INFO  com.booker.stepdefs.CommonSteps - Base URL configured: https://restful-booker.herokuapp.com
2026-05-20 15:41:12.179 [main] INFO  com.booker.stepdefs.CommonSteps - Authenticated. Token acquired: 8e210****
2026-05-20 15:41:13.815 [main] INFO  com.booker.stepdefs.BookingSteps - Created test booking with ID: 230
2026-05-20 15:41:15.321 [main] INFO  com.booker.stepdefs.AuthSteps - Expected status: 200, Actual status: 200
2026-05-20 15:41:15.369 [main] INFO  com.booker.stepdefs.Hooks - === PASSED Scenario: Get a specific booking by ID ===
2026-05-20 15:41:15.414 [main] INFO  com.booker.stepdefs.Hooks - === Starting Scenario: Create a new booking with all fields [PASSED] ===
2026-05-20 15:41:15.417 [main] INFO  com.booker.stepdefs.CommonSteps - Base URL configured: https://restful-booker.herokuapp.com
2026-05-20 15:41:17.084 [main] INFO  com.booker.stepdefs.CommonSteps - Authenticated. Token acquired: 74c60****
2026-05-20 15:41:18.700 [main] INFO  com.booker.stepdefs.BookingSteps - Created booking with ID: 277
2026-05-20 15:41:18.717 [main] INFO  com.booker.stepdefs.AuthSteps - Expected status: 200, Actual status: 200
2026-05-20 15:41:18.783 [main] INFO  com.booker.stepdefs.BookingSteps - Firstname verified: James
2026-05-20 15:41:18.826 [main] INFO  com.booker.stepdefs.Hooks - === PASSED Scenario: Create a new booking with all fields ===
2026-05-20 15:41:47.117 [main] INFO  com.booker.utils.RestAssuredSetup - RestAssured initialized with base URI: https://restful-booker.herokuapp.com
2026-05-20 15:41:47.143 [main] INFO  com.booker.stepdefs.Hooks - === Starting Scenario: Get all booking IDs [PASSED] ===
2026-05-20 15:41:47.155 [main] INFO  com.booker.stepdefs.CommonSteps - Base URL configured: https://restful-booker.herokuapp.com
2026-05-20 15:41:51.945 [main] INFO  com.booker.stepdefs.CommonSteps - Authenticated. Token acquired: 28bb8****
2026-05-20 15:41:53.552 [main] INFO  com.booker.stepdefs.AuthSteps - Expected status: 200, Actual status: 200
2026-05-20 15:41:53.645 [main] INFO  com.booker.stepdefs.BookingSteps - Retrieved 403 booking(s)
2026-05-20 15:41:53.650 [main] INFO  com.booker.stepdefs.Hooks - === PASSED Scenario: Get all booking IDs ===
2026-05-20 15:41:53.665 [main] INFO  com.booker.stepdefs.Hooks - === Starting Scenario: Get bookings filtered by first name [PASSED] ===
2026-05-20 15:41:53.666 [main] INFO  com.booker.stepdefs.CommonSteps - Base URL configured: https://restful-booker.herokuapp.com
2026-05-20 15:41:55.492 [main] INFO  com.booker.stepdefs.CommonSteps - Authenticated. Token acquired: ba35e****
2026-05-20 15:41:56.930 [main] INFO  com.booker.stepdefs.AuthSteps - Expected status: 200, Actual status: 200
2026-05-20 15:41:56.934 [main] INFO  com.booker.stepdefs.BookingSteps - Retrieved 3 booking(s)
2026-05-20 15:41:56.937 [main] INFO  com.booker.stepdefs.Hooks - === PASSED Scenario: Get bookings filtered by first name ===
2026-05-20 15:41:56.957 [main] INFO  com.booker.stepdefs.Hooks - === Starting Scenario: Get bookings filtered by check-in date [PASSED] ===
2026-05-20 15:41:56.959 [main] INFO  com.booker.stepdefs.CommonSteps - Base URL configured: https://restful-booker.herokuapp.com
2026-05-20 15:41:58.491 [main] INFO  com.booker.stepdefs.CommonSteps - Authenticated. Token acquired: 27a51****
2026-05-20 15:41:59.958 [main] INFO  com.booker.stepdefs.AuthSteps - Expected status: 200, Actual status: 200
2026-05-20 15:41:59.963 [main] INFO  com.booker.stepdefs.BookingSteps - Retrieved 10 booking(s)
2026-05-20 15:41:59.966 [main] INFO  com.booker.stepdefs.Hooks - === PASSED Scenario: Get bookings filtered by check-in date ===
2026-05-20 15:41:59.984 [main] INFO  com.booker.stepdefs.Hooks - === Starting Scenario: Get a specific booking by ID [PASSED] ===
2026-05-20 15:41:59.987 [main] INFO  com.booker.stepdefs.CommonSteps - Base URL configured: https://restful-booker.herokuapp.com
2026-05-20 15:42:01.557 [main] INFO  com.booker.stepdefs.CommonSteps - Authenticated. Token acquired: ed6c0****
2026-05-20 15:42:03.101 [main] INFO  com.booker.stepdefs.BookingSteps - Created test booking with ID: 654
2026-05-20 15:42:04.641 [main] INFO  com.booker.stepdefs.AuthSteps - Expected status: 200, Actual status: 200
2026-05-20 15:42:04.690 [main] INFO  com.booker.stepdefs.Hooks - === PASSED Scenario: Get a specific booking by ID ===
2026-05-20 15:42:04.707 [main] INFO  com.booker.stepdefs.Hooks - === Starting Scenario: Get booking with non-existent ID [PASSED] ===
2026-05-20 15:42:04.710 [main] INFO  com.booker.stepdefs.CommonSteps - Base URL configured: https://restful-booker.herokuapp.com
2026-05-20 15:42:06.325 [main] INFO  com.booker.stepdefs.CommonSteps - Authenticated. Token acquired: 39c49****
2026-05-20 15:42:06.355 [main] ERROR com.booker.stepdefs.Hooks - === FAILED Scenario: Get booking with non-existent ID ===
2026-05-20 15:42:06.396 [main] INFO  com.booker.stepdefs.Hooks - === Starting Scenario: Create a new booking with all fields [PASSED] ===
2026-05-20 15:42:06.399 [main] INFO  com.booker.stepdefs.CommonSteps - Base URL configured: https://restful-booker.herokuapp.com
2026-05-20 15:42:08.069 [main] INFO  com.booker.stepdefs.CommonSteps - Authenticated. Token acquired: 49b50****
2026-05-20 15:42:09.556 [main] INFO  com.booker.stepdefs.BookingSteps - Created booking with ID: 705
2026-05-20 15:42:09.563 [main] INFO  com.booker.stepdefs.AuthSteps - Expected status: 200, Actual status: 200
2026-05-20 15:42:09.602 [main] INFO  com.booker.stepdefs.BookingSteps - Firstname verified: James
2026-05-20 15:42:09.628 [main] INFO  com.booker.stepdefs.Hooks - === PASSED Scenario: Create a new booking with all fields ===
2026-05-20 15:42:09.636 [main] INFO  com.booker.stepdefs.Hooks - === Starting Scenario: Create a booking without additional needs [PASSED] ===
2026-05-20 15:42:09.637 [main] INFO  com.booker.stepdefs.CommonSteps - Base URL configured: https://restful-booker.herokuapp.com
2026-05-20 15:42:11.142 [main] INFO  com.booker.stepdefs.CommonSteps - Authenticated. Token acquired: 34bde****
2026-05-20 15:42:12.767 [main] INFO  com.booker.stepdefs.BookingSteps - Created booking with ID: 730
2026-05-20 15:42:12.770 [main] INFO  com.booker.stepdefs.AuthSteps - Expected status: 200, Actual status: 200
2026-05-20 15:42:12.794 [main] INFO  com.booker.stepdefs.Hooks - === PASSED Scenario: Create a booking without additional needs ===
2026-05-20 15:42:12.810 [main] INFO  com.booker.stepdefs.Hooks - === Starting Scenario: Create booking with missing required fields [PASSED] ===
2026-05-20 15:42:12.812 [main] INFO  com.booker.stepdefs.CommonSteps - Base URL configured: https://restful-booker.herokuapp.com
2026-05-20 15:42:14.361 [main] INFO  com.booker.stepdefs.CommonSteps - Authenticated. Token acquired: 651a1****
2026-05-20 15:42:16.131 [main] INFO  com.booker.stepdefs.AuthSteps - Expected status: 500, Actual status: 500
2026-05-20 15:42:16.133 [main] INFO  com.booker.stepdefs.Hooks - === PASSED Scenario: Create booking with missing required fields ===
2026-05-20 15:42:16.150 [main] INFO  com.booker.stepdefs.Hooks - === Starting Scenario: Update an existing booking fully [PASSED] ===
2026-05-20 15:42:16.151 [main] INFO  com.booker.stepdefs.CommonSteps - Base URL configured: https://restful-booker.herokuapp.com
2026-05-20 15:42:17.755 [main] INFO  com.booker.stepdefs.CommonSteps - Authenticated. Token acquired: ad48c****
2026-05-20 15:42:19.282 [main] INFO  com.booker.stepdefs.BookingSteps - Created test booking with ID: 792
2026-05-20 15:42:20.929 [main] INFO  com.booker.stepdefs.BookingSteps - PUT /booking/792 => 200
2026-05-20 15:42:20.932 [main] INFO  com.booker.stepdefs.AuthSteps - Expected status: 200, Actual status: 200
2026-05-20 15:42:20.952 [main] INFO  com.booker.stepdefs.BookingSteps - Firstname verified: Updated
2026-05-20 15:42:20.954 [main] INFO  com.booker.stepdefs.Hooks - === PASSED Scenario: Update an existing booking fully ===
2026-05-20 15:42:20.969 [main] INFO  com.booker.stepdefs.Hooks - === Starting Scenario: Update booking without auth token [PASSED] ===
2026-05-20 15:42:20.973 [main] INFO  com.booker.stepdefs.CommonSteps - Base URL configured: https://restful-booker.herokuapp.com
2026-05-20 15:42:22.616 [main] INFO  com.booker.stepdefs.CommonSteps - Authenticated. Token acquired: efd6e****
2026-05-20 15:42:24.189 [main] INFO  com.booker.stepdefs.BookingSteps - Created test booking with ID: 827
2026-05-20 15:42:26.504 [main] INFO  com.booker.stepdefs.AuthSteps - Expected status: 403, Actual status: 403
2026-05-20 15:42:26.505 [main] INFO  com.booker.stepdefs.Hooks - === PASSED Scenario: Update booking without auth token ===
2026-05-20 15:42:26.521 [main] INFO  com.booker.stepdefs.Hooks - === Starting Scenario: Partially update a booking's first name [PASSED] ===
2026-05-20 15:42:26.523 [main] INFO  com.booker.stepdefs.CommonSteps - Base URL configured: https://restful-booker.herokuapp.com
2026-05-20 15:42:28.030 [main] INFO  com.booker.stepdefs.CommonSteps - Authenticated. Token acquired: 6af0c****
2026-05-20 15:42:29.568 [main] INFO  com.booker.stepdefs.BookingSteps - Created test booking with ID: 880
2026-05-20 15:42:31.157 [main] INFO  com.booker.stepdefs.BookingSteps - PATCH /booking/880 => 200
2026-05-20 15:42:31.159 [main] INFO  com.booker.stepdefs.AuthSteps - Expected status: 200, Actual status: 200
2026-05-20 15:42:31.177 [main] INFO  com.booker.stepdefs.BookingSteps - Firstname verified: Patched
2026-05-20 15:42:31.178 [main] INFO  com.booker.stepdefs.Hooks - === PASSED Scenario: Partially update a booking's first name ===
2026-05-20 15:42:31.204 [main] INFO  com.booker.stepdefs.Hooks - === Starting Scenario: Partial update without auth token [PASSED] ===
2026-05-20 15:42:31.206 [main] INFO  com.booker.stepdefs.CommonSteps - Base URL configured: https://restful-booker.herokuapp.com
2026-05-20 15:42:32.797 [main] INFO  com.booker.stepdefs.CommonSteps - Authenticated. Token acquired: 7bf01****
2026-05-20 15:42:34.360 [main] INFO  com.booker.stepdefs.BookingSteps - Created test booking with ID: 916
2026-05-20 15:42:35.994 [main] INFO  com.booker.stepdefs.AuthSteps - Expected status: 403, Actual status: 403
2026-05-20 15:42:35.995 [main] INFO  com.booker.stepdefs.Hooks - === PASSED Scenario: Partial update without auth token ===
2026-05-20 15:42:36.008 [main] INFO  com.booker.stepdefs.Hooks - === Starting Scenario: Delete an existing booking [PASSED] ===
2026-05-20 15:42:36.010 [main] INFO  com.booker.stepdefs.CommonSteps - Base URL configured: https://restful-booker.herokuapp.com
2026-05-20 15:42:37.645 [main] INFO  com.booker.stepdefs.CommonSteps - Authenticated. Token acquired: 2a7e7****
2026-05-20 15:42:39.049 [main] INFO  com.booker.stepdefs.BookingSteps - Created test booking with ID: 963
2026-05-20 15:42:40.502 [main] INFO  com.booker.stepdefs.BookingSteps - DELETE /booking/963 => 201
2026-05-20 15:42:40.504 [main] INFO  com.booker.stepdefs.AuthSteps - Expected status: 201, Actual status: 201
2026-05-20 15:42:40.505 [main] INFO  com.booker.stepdefs.Hooks - === PASSED Scenario: Delete an existing booking ===
2026-05-20 15:42:40.519 [main] INFO  com.booker.stepdefs.Hooks - === Starting Scenario: Delete a booking without auth token [PASSED] ===
2026-05-20 15:42:40.521 [main] INFO  com.booker.stepdefs.CommonSteps - Base URL configured: https://restful-booker.herokuapp.com
2026-05-20 15:42:42.041 [main] INFO  com.booker.stepdefs.CommonSteps - Authenticated. Token acquired: 31464****
2026-05-20 15:42:43.500 [main] INFO  com.booker.stepdefs.BookingSteps - Created test booking with ID: 1001
2026-05-20 15:42:44.958 [main] INFO  com.booker.stepdefs.AuthSteps - Expected status: 403, Actual status: 403
2026-05-20 15:42:44.960 [main] INFO  com.booker.stepdefs.Hooks - === PASSED Scenario: Delete a booking without auth token ===
2026-05-20 15:42:44.972 [main] INFO  com.booker.stepdefs.Hooks - === Starting Scenario: Delete non-existent booking [PASSED] ===
2026-05-20 15:42:44.974 [main] INFO  com.booker.stepdefs.CommonSteps - Base URL configured: https://restful-booker.herokuapp.com
2026-05-20 15:42:46.422 [main] INFO  com.booker.stepdefs.CommonSteps - Authenticated. Token acquired: 5f029****
2026-05-20 15:42:47.947 [main] INFO  com.booker.stepdefs.AuthSteps - Expected status: 405, Actual status: 405
2026-05-20 15:42:47.948 [main] INFO  com.booker.stepdefs.Hooks - === PASSED Scenario: Delete non-existent booking ===
